0 info it worked if it ends with ok
1 verbose cli [ 'C:\\Program Files\\nodejs\\\\node.exe',
1 verbose cli   'C:\\Program Files\\nodejs\\node_modules\\npm\\bin\\npm-cli.js',
1 verbose cli   'install',
1 verbose cli   '-g',
1 verbose cli   'yii' ]
2 info using npm@2.11.3
3 info using node@v0.12.7
4 verbose install initial load of C:\Users\7\AppData\Roaming\npm\package.json
5 verbose readDependencies loading dependencies from C:\Users\7\AppData\Roaming\npm\package.json
6 silly cache add args [ 'yii', null ]
7 verbose cache add spec yii
8 silly cache add parsed spec { raw: 'yii',
8 silly cache add   scope: null,
8 silly cache add   name: 'yii',
8 silly cache add   rawSpec: '',
8 silly cache add   spec: '*',
8 silly cache add   type: 'range' }
9 silly addNamed yii@*
10 verbose addNamed "*" is a valid semver range for yii
11 silly addNameRange { name: 'yii', range: '*', hasData: false }
12 silly mapToRegistry name yii
13 silly mapToRegistry using default registry
14 silly mapToRegistry registry https://registry.npmjs.org/
15 silly mapToRegistry uri https://registry.npmjs.org/yii
16 verbose addNameRange registry:https://registry.npmjs.org/yii not in flight; fetching
17 verbose request uri https://registry.npmjs.org/yii
18 verbose request no auth needed
19 info attempt registry request try #1 at 4:30:01 PM
20 verbose request id fe8ff03adc8a86ea
21 http request GET https://registry.npmjs.org/yii
22 http 404 https://registry.npmjs.org/yii
23 verbose headers { server: 'CouchDB/1.5.0 (Erlang OTP/R16B03)',
23 verbose headers   etag: '"5P21QENBK8AUAM0ZNMZSCOIPC"',
23 verbose headers   'content-type': 'application/json',
23 verbose headers   'cache-control': 'max-age=0',
23 verbose headers   'content-length': '405',
23 verbose headers   'accept-ranges': 'bytes',
23 verbose headers   date: 'Sun, 09 Aug 2015 12:00:22 GMT',
23 verbose headers   via: '1.1 varnish',
23 verbose headers   age: '0',
23 verbose headers   connection: 'keep-alive',
23 verbose headers   'x-served-by': 'cache-lhr6333-LHR',
23 verbose headers   'x-cache': 'MISS',
23 verbose headers   'x-cache-hits': '0',
23 verbose headers   'x-timer': 'S1439121622.740722,VS0,VE162',
23 verbose headers   vary: 'Accept' }
24 silly get cb [ 404,
24 silly get   { server: 'CouchDB/1.5.0 (Erlang OTP/R16B03)',
24 silly get     etag: '"5P21QENBK8AUAM0ZNMZSCOIPC"',
24 silly get     'content-type': 'application/json',
24 silly get     'cache-control': 'max-age=0',
24 silly get     'content-length': '405',
24 silly get     'accept-ranges': 'bytes',
24 silly get     date: 'Sun, 09 Aug 2015 12:00:22 GMT',
24 silly get     via: '1.1 varnish',
24 silly get     age: '0',
24 silly get     connection: 'keep-alive',
24 silly get     'x-served-by': 'cache-lhr6333-LHR',
24 silly get     'x-cache': 'MISS',
24 silly get     'x-cache-hits': '0',
24 silly get     'x-timer': 'S1439121622.740722,VS0,VE162',
24 silly get     vary: 'Accept' } ]
25 verbose stack Error: Registry returned 404 for GET on https://registry.npmjs.org/yii
25 verbose stack     at CachingRegistryClient.<anonymous> (C:\Program Files\nodejs\node_modules\npm\node_modules\npm-registry-client\lib\request.js:239:14)
25 verbose stack     at Request._callback (C:\Program Files\nodejs\node_modules\npm\node_modules\npm-registry-client\lib\request.js:170:14)
25 verbose stack     at Request.self.callback (C:\Program Files\nodejs\node_modules\npm\node_modules\request\request.js:354:22)
25 verbose stack     at Request.emit (events.js:110:17)
25 verbose stack     at Request.<anonymous> (C:\Program Files\nodejs\node_modules\npm\node_modules\request\request.js:1207:14)
25 verbose stack     at Request.emit (events.js:129:20)
25 verbose stack     at IncomingMessage.<anonymous> (C:\Program Files\nodejs\node_modules\npm\node_modules\request\request.js:1153:12)
25 verbose stack     at IncomingMessage.emit (events.js:129:20)
25 verbose stack     at _stream_readable.js:908:16
25 verbose stack     at process._tickCallback (node.js:355:11)
26 verbose statusCode 404
27 verbose pkgid yii
28 verbose cwd C:\xampp\htdocs\angular-yii2\rest
29 error Windows_NT 6.1.7601
30 error argv "C:\\Program Files\\nodejs\\\\node.exe" "C:\\Program Files\\nodejs\\node_modules\\npm\\bin\\npm-cli.js" "install" "-g" "yii"
31 error node v0.12.7
32 error npm  v2.11.3
33 error code E404
34 error 404 Registry returned 404 for GET on https://registry.npmjs.org/yii
34 error 404
34 error 404 'yii' is not in the npm registry.
34 error 404 You should bug the author to publish it (or use the name yourself!)
34 error 404
34 error 404 Note that you can also install from a
34 error 404 tarball, folder, http url, or git url.
35 verbose exit [ 1, true ]
